2020-09-25 18:15:55 INFO  Main:18 - Before methods invokation [Main.class]
2020-09-25 18:15:55 INFO  Misc:12 - Before Misc.addition method invokation [Misc.class]
2020-09-25 18:15:55 INFO  Misc:16 - After Misc.addition method invokation [Misc.class]
2020-09-25 18:15:55 INFO  Misc:23 - Before Misc.subtraction method invokation [Misc.class]
2020-09-25 18:15:55 INFO  Misc:27 - After Misc.subtraction method invokation [Misc.class]
2020-09-25 18:15:55 INFO  Main:23 - After methods invokation [Main.class]
2021-09-23 10:49:42 INFO  Main:18 - Before methods invokation [Main.class]
2021-09-23 10:49:42 INFO  Misc:12 - Before Misc.addition method invokation [Misc.class]
2021-09-23 10:49:42 INFO  Misc:16 - After Misc.addition method invokation [Misc.class]
2021-09-23 10:49:42 INFO  Misc:23 - Before Misc.subtraction method invokation [Misc.class]
2021-09-23 10:49:42 INFO  Misc:27 - After Misc.subtraction method invokation [Misc.class]
2021-09-23 10:49:42 INFO  Main:23 - After methods invokation [Main.class]
2021-10-04 17:30:18 INFO  Main:18 - Before methods invokation [Main.class]
2021-10-04 17:30:18 INFO  Misc:12 - Before Misc.addition method invokation [Misc.class]
2021-10-04 17:30:18 INFO  Misc:16 - After Misc.addition method invokation [Misc.class]
2021-10-04 17:30:18 INFO  Misc:23 - Before Misc.subtraction method invokation [Misc.class]
2021-10-04 17:30:18 INFO  Misc:27 - After Misc.subtraction method invokation [Misc.class]
2021-10-04 17:30:18 INFO  Main:24 - After methods invokation [Main.class]
2021-11-02 11:45:40 INFO  Main:18 - Before methods invokation [Main.class]
2021-11-02 11:45:40 INFO  Misc:12 - Before Misc.addition method invokation [Misc.class]
2021-11-02 11:45:40 INFO  Misc:16 - After Misc.addition method invokation [Misc.class]
2021-11-02 11:45:40 INFO  Misc:23 - Before Misc.subtraction method invokation [Misc.class]
2021-11-02 11:45:40 INFO  Misc:27 - After Misc.subtraction method invokation [Misc.class]
2021-11-02 11:45:40 INFO  Main:24 - After methods invokation [Main.class]
2021-11-04 17:54:58 INFO  Main:18 - Before methods invokation [Main.class]
2021-11-04 17:54:58 INFO  Misc:12 - Before Misc.addition method invokation [Misc.class]
2021-11-04 17:54:58 INFO  Misc:16 - After Misc.addition method invokation [Misc.class]
2021-11-04 17:54:58 INFO  Misc:23 - Before Misc.subtraction method invokation [Misc.class]
2021-11-04 17:54:58 INFO  Misc:27 - After Misc.subtraction method invokation [Misc.class]
2021-11-04 17:54:58 INFO  Main:24 - After methods invokation [Main.class]
2021-11-04 17:57:13 INFO  Main:18 - Before methods invokation [Main.class]
2021-11-04 17:57:13 INFO  Misc:12 - Before Misc.addition method invokation [Misc.class]
2021-11-04 17:57:13 INFO  Misc:16 - After Misc.addition method invokation [Misc.class]
2021-11-04 17:57:13 INFO  Misc:23 - Before Misc.subtraction method invokation [Misc.class]
2021-11-04 17:57:13 INFO  Misc:27 - After Misc.subtraction method invokation [Misc.class]
2021-11-04 17:57:13 INFO  Main:24 - After methods invokation [Main.class]
2021-11-04 18:13:56 INFO  Main:18 - Before methods invokation [Main.class]
2021-11-04 18:13:56 INFO  Misc:12 - Before Misc.addition method invokation [Misc.class]
2021-11-04 18:13:56 INFO  Misc:16 - After Misc.addition method invokation [Misc.class]
2021-11-04 18:13:56 INFO  Misc:23 - Before Misc.subtraction method invokation [Misc.class]
2021-11-04 18:13:56 INFO  Misc:27 - After Misc.subtraction method invokation [Misc.class]
2021-11-04 18:13:56 INFO  Main:24 - After methods invokation [Main.class]
2021-11-11 16:47:22 INFO  Main:18 - Before methods invokation [Main.class]
2021-11-11 16:47:22 INFO  Misc:12 - Before Misc.addition method invokation [Misc.class]
2021-11-11 16:47:22 INFO  Misc:16 - After Misc.addition method invokation [Misc.class]
2021-11-11 16:47:22 INFO  Misc:23 - Before Misc.subtraction method invokation [Misc.class]
2021-11-11 16:47:22 INFO  Misc:27 - After Misc.subtraction method invokation [Misc.class]
2021-11-11 16:47:22 INFO  Main:24 - After methods invokation [Main.class]
2021-11-11 16:47:41 INFO  Main:18 - Before methods invokation [Main.class]
2021-11-11 16:47:41 INFO  Misc:12 - Before Misc.addition method invokation [Misc.class]
2021-11-11 16:47:41 INFO  Misc:16 - After Misc.addition method invokation [Misc.class]
2021-11-11 16:47:41 INFO  Misc:23 - Before Misc.subtraction method invokation [Misc.class]
2021-11-11 16:47:41 INFO  Misc:27 - After Misc.subtraction method invokation [Misc.class]
2021-11-11 16:47:41 INFO  Main:24 - After methods invokation [Main.class]
2021-11-11 16:48:01 INFO  Main:18 - Before methods invokation [Main.class]
2021-11-11 16:48:01 INFO  Misc:12 - Before Misc.addition method invokation [Misc.class]
2021-11-11 16:48:01 INFO  Misc:16 - After Misc.addition method invokation [Misc.class]
2021-11-11 16:48:01 INFO  Misc:23 - Before Misc.subtraction method invokation [Misc.class]
2021-11-11 16:48:01 INFO  Misc:27 - After Misc.subtraction method invokation [Misc.class]
2021-11-11 16:48:01 INFO  Main:24 - After methods invokation [Main.class]
2021-11-11 16:48:30 INFO  Main:18 - Before methods invokation [Main.class]
2021-11-11 16:48:30 INFO  Misc:12 - Before Misc.addition method invokation [Misc.class]
2021-11-11 16:48:30 INFO  Misc:16 - After Misc.addition method invokation [Misc.class]
2021-11-11 16:48:30 INFO  Misc:23 - Before Misc.subtraction method invokation [Misc.class]
2021-11-11 16:48:30 INFO  Misc:27 - After Misc.subtraction method invokation [Misc.class]
2021-11-11 16:48:30 INFO  Main:24 - After methods invokation [Main.class]
2021-11-11 16:48:40 INFO  Main:18 - Before methods invokation [Main.class]
2021-11-11 16:48:40 INFO  Misc:12 - Before Misc.addition method invokation [Misc.class]
2021-11-11 16:48:40 INFO  Misc:16 - After Misc.addition method invokation [Misc.class]
2021-11-11 16:48:40 INFO  Misc:23 - Before Misc.subtraction method invokation [Misc.class]
2021-11-11 16:48:40 INFO  Misc:27 - After Misc.subtraction method invokation [Misc.class]
2021-11-11 16:48:40 INFO  Main:24 - After methods invokation [Main.class]
2021-11-11 16:48:51 INFO  Main:18 - Before methods invokation [Main.class]
2021-11-11 16:48:51 INFO  Misc:12 - Before Misc.addition method invokation [Misc.class]
2021-11-11 16:48:51 INFO  Misc:16 - After Misc.addition method invokation [Misc.class]
2021-11-11 16:48:51 INFO  Misc:23 - Before Misc.subtraction method invokation [Misc.class]
2021-11-11 16:48:51 INFO  Misc:27 - After Misc.subtraction method invokation [Misc.class]
2021-11-11 16:48:51 INFO  Main:24 - After methods invokation [Main.class]
2021-11-11 16:49:07 INFO  Main:18 - Before methods invokation [Main.class]
2021-11-11 16:49:07 INFO  Misc:12 - Before Misc.addition method invokation [Misc.class]
2021-11-11 16:49:07 INFO  Misc:16 - After Misc.addition method invokation [Misc.class]
2021-11-11 16:49:07 INFO  Misc:23 - Before Misc.subtraction method invokation [Misc.class]
2021-11-11 16:49:07 INFO  Misc:27 - After Misc.subtraction method invokation [Misc.class]
2021-11-11 16:49:07 INFO  Main:24 - After methods invokation [Main.class]
2021-11-11 16:49:07 INFO  Main:18 - Before methods invokation [Main.class]
2021-11-11 16:49:07 INFO  Misc:12 - Before Misc.addition method invokation [Misc.class]
2021-11-11 16:49:07 INFO  Misc:16 - After Misc.addition method invokation [Misc.class]
2021-11-11 16:49:07 INFO  Misc:23 - Before Misc.subtraction method invokation [Misc.class]
2021-11-11 16:49:07 INFO  Misc:27 - After Misc.subtraction method invokation [Misc.class]
2021-11-11 16:49:07 INFO  Main:24 - After methods invokation [Main.class]
2021-11-11 16:49:12 INFO  Main:18 - Before methods invokation [Main.class]
2021-11-11 16:49:12 INFO  Misc:12 - Before Misc.addition method invokation [Misc.class]
2021-11-11 16:49:12 INFO  Misc:16 - After Misc.addition method invokation [Misc.class]
2021-11-11 16:49:12 INFO  Misc:23 - Before Misc.subtraction method invokation [Misc.class]
2021-11-11 16:49:12 INFO  Misc:27 - After Misc.subtraction method invokation [Misc.class]
2021-11-11 16:49:12 INFO  Main:24 - After methods invokation [Main.class]
